0 info it worked if it ends with ok
1 verbose cli [ 'node', '/usr/local/bin/npm', 'install', 'gulp-cli', '-g' ]
2 info using npm@1.3.15
3 info using node@v0.11.9
4 verbose cache add [ 'gulp-cli', null ]
5 verbose cache add name=undefined spec="gulp-cli" args=["gulp-cli",null]
6 verbose parsed url { protocol: null,
6 verbose parsed url   slashes: null,
6 verbose parsed url   auth: null,
6 verbose parsed url   host: null,
6 verbose parsed url   port: null,
6 verbose parsed url   hostname: null,
6 verbose parsed url   hash: null,
6 verbose parsed url   search: null,
6 verbose parsed url   query: null,
6 verbose parsed url   pathname: 'gulp-cli',
6 verbose parsed url   path: 'gulp-cli',
6 verbose parsed url   href: 'gulp-cli' }
7 silly lockFile e23a8be8-gulp-cli gulp-cli
8 verbose lock gulp-cli /Users/liyongxiang/.npm/e23a8be8-gulp-cli.lock
9 silly lockFile e23a8be8-gulp-cli gulp-cli
10 silly lockFile e23a8be8-gulp-cli gulp-cli
11 verbose addNamed [ 'gulp-cli', '' ]
12 verbose addNamed [ null, '*' ]
13 silly lockFile dd34a9c8-gulp-cli gulp-cli@
14 verbose lock gulp-cli@ /Users/liyongxiang/.npm/dd34a9c8-gulp-cli.lock
15 silly addNameRange { name: 'gulp-cli', range: '*', hasData: false }
16 verbose url raw gulp-cli
17 verbose url resolving [ 'http://registry.cnpmjs.org/', './gulp-cli' ]
18 verbose url resolved http://registry.cnpmjs.org/gulp-cli
19 info trying registry request attempt 1 at 18:36:07
20 http GET http://registry.cnpmjs.org/gulp-cli
21 http 404 http://registry.cnpmjs.org/gulp-cli
22 silly registry.get cb [ 404,
22 silly registry.get   { server: 'nginx/1.4.1 (Ubuntu)',
22 silly registry.get     date: 'Fri, 08 Aug 2014 10:36:09 GMT',
22 silly registry.get     'content-type': 'application/json; charset=utf-8',
22 silly registry.get     'content-length': '51',
22 silly registry.get     connection: 'close',
22 silly registry.get     'x-powered-by': 'koa',
22 silly registry.get     'x-readtime': '14' } ]
23 silly lockFile dd34a9c8-gulp-cli gulp-cli@
24 silly lockFile dd34a9c8-gulp-cli gulp-cli@
25 error 404 'gulp-cli' is not in the npm registry.
25 error 404 You should bug the author to publish it
25 error 404
25 error 404 Note that you can also install from a
25 error 404 tarball, folder, or http url, or git url.
26 error System Darwin 13.3.0
27 error command "node" "/usr/local/bin/npm" "install" "gulp-cli" "-g"
28 error cwd /Users/liyongxiang/Dropbox/work/web/komo/yo-datepicker
29 error node -v v0.11.9
30 error npm -v 1.3.15
31 error code E404
32 verbose exit [ 1, true ]
